<?xml version="1.0" encoding="UTF-8"?>
<!-- Generated by org.testng.reporters.JUnitReportReporter -->
<testsuite hostname="Ram" failures="0" tests="1" name="testBase.TC001_AccountRegisterTest" time="4.039" errors="0" timestamp="2024-09-24T13:50:07 IST" skipped="0">
  <testcase classname="testBase.TC001_AccountRegisterTest" name="Account_registration" time="4.039"/>
</testsuite> <!-- testBase.TC001_AccountRegisterTest -->
